[debug] [2023-01-24T17:27:01.253Z] ----------------------------------------------------------------------
[debug] [2023-01-24T17:27:01.254Z] Command:       /Users/nic/.volta/tools/image/node/16.13.1/bin/node /Users/nic/.volta/tools/image/packages/firebase-tools/bin/firebase deploy --only functions
[debug] [2023-01-24T17:27:01.254Z] CLI Version:   11.20.0
[debug] [2023-01-24T17:27:01.254Z] Platform:      darwin
[debug] [2023-01-24T17:27:01.254Z] Node Version:  v16.13.1
[debug] [2023-01-24T17:27:01.255Z] Time:          Tue Jan 24 2023 11:27:01 GMT-0600 (Central Standard Time)
[debug] [2023-01-24T17:27:01.255Z] ----------------------------------------------------------------------
[debug] 
[debug] [2023-01-24T17:27:01.288Z] > command requires scopes: ["email","openid","https://www.googleapis.com/auth/cloudplatformprojects.readonly","https://www.googleapis.com/auth/firebase","https://www.googleapis.com/auth/cloud-platform"]
[debug] [2023-01-24T17:27:01.288Z] > authorizing via signed-in user (nic.wilson@gmail.com)
[debug] [2023-01-24T17:27:01.288Z] [iam] checking project inverse-board for permissions ["cloudfunctions.functions.create","cloudfunctions.functions.delete","cloudfunctions.functions.get","cloudfunctions.functions.list","cloudfunctions.functions.update","cloudfunctions.operations.get","firebase.projects.get"]
[debug] [2023-01-24T17:27:01.289Z] > refreshing access token with scopes: []
[debug] [2023-01-24T17:27:01.290Z] >>> [apiv2][query] POST https://www.googleapis.com/oauth2/v3/token [none]
[debug] [2023-01-24T17:27:01.290Z] >>> [apiv2][body] POST https://www.googleapis.com/oauth2/v3/token [omitted]
[debug] [2023-01-24T17:27:01.442Z] <<< [apiv2][status] POST https://www.googleapis.com/oauth2/v3/token 200
[debug] [2023-01-24T17:27:01.442Z] <<< [apiv2][body] POST https://www.googleapis.com/oauth2/v3/token [omitted]
[debug] [2023-01-24T17:27:01.484Z] >>> [apiv2][query] POST https://cloudresourcemanager.googleapis.com/v1/projects/inverse-board:testIamPermissions [none]
[debug] [2023-01-24T17:27:01.484Z] >>> [apiv2][(partial)header] POST https://cloudresourcemanager.googleapis.com/v1/projects/inverse-board:testIamPermissions x-goog-quota-user=projects/inverse-board
[debug] [2023-01-24T17:27:01.485Z] >>> [apiv2][body] POST https://cloudresourcemanager.googleapis.com/v1/projects/inverse-board:testIamPermissions {"permissions":["cloudfunctions.functions.create","cloudfunctions.functions.delete","cloudfunctions.functions.get","cloudfunctions.functions.list","cloudfunctions.functions.update","cloudfunctions.operations.get","firebase.projects.get"]}
[debug] [2023-01-24T17:27:01.678Z] <<< [apiv2][status] POST https://cloudresourcemanager.googleapis.com/v1/projects/inverse-board:testIamPermissions 200
[debug] [2023-01-24T17:27:01.678Z] <<< [apiv2][body] POST https://cloudresourcemanager.googleapis.com/v1/projects/inverse-board:testIamPermissions {"permissions":["cloudfunctions.functions.create","cloudfunctions.functions.delete","cloudfunctions.functions.get","cloudfunctions.functions.list","cloudfunctions.functions.update","cloudfunctions.operations.get","firebase.projects.get"]}
[debug] [2023-01-24T17:27:01.678Z] >>> [apiv2][query] POST https://iam.googleapis.com/v1/projects/inverse-board/serviceAccounts/inverse-board@appspot.gserviceaccount.com:testIamPermissions [none]
[debug] [2023-01-24T17:27:01.678Z] >>> [apiv2][body] POST https://iam.googleapis.com/v1/projects/inverse-board/serviceAccounts/inverse-board@appspot.gserviceaccount.com:testIamPermissions {"permissions":["iam.serviceAccounts.actAs"]}
[debug] [2023-01-24T17:27:01.866Z] <<< [apiv2][status] POST https://iam.googleapis.com/v1/projects/inverse-board/serviceAccounts/inverse-board@appspot.gserviceaccount.com:testIamPermissions 200
[debug] [2023-01-24T17:27:01.866Z] <<< [apiv2][body] POST https://iam.googleapis.com/v1/projects/inverse-board/serviceAccounts/inverse-board@appspot.gserviceaccount.com:testIamPermissions {"permissions":["iam.serviceAccounts.actAs"]}
[info] 
[info] === Deploying to 'inverse-board'...
[info] 
[info] i  deploying functions 
[info] Running command: npm --prefix "$RESOURCE_DIR" run build
[info] ✔  functions: Finished running predeploy script. 
[debug] [2023-01-24T17:27:04.003Z] >>> [apiv2][query] GET https://firebase.googleapis.com/v1beta1/projects/inverse-board [none]
[debug] [2023-01-24T17:27:04.216Z] <<< [apiv2][status] GET https://firebase.googleapis.com/v1beta1/projects/inverse-board 200
[debug] [2023-01-24T17:27:04.216Z] <<< [apiv2][body] GET https://firebase.googleapis.com/v1beta1/projects/inverse-board {"projectId":"inverse-board","projectNumber":"1028304856185","displayName":"inverse-board","name":"projects/inverse-board","resources":{"hostingSite":"inverse-board"},"state":"ACTIVE","etag":"1_7cf62077-cb77-433e-824e-2f12d2b02323"}
[info] i  functions: preparing codebase default for deployment 
[info] i  functions: ensuring required API cloudfunctions.googleapis.com is enabled... 
[info] i  functions: ensuring required API cloudbuild.googleapis.com is enabled... 
[info] i  artifactregistry: ensuring required API artifactregistry.googleapis.com is enabled... 
[debug] [2023-01-24T17:27:04.217Z] >>> [apiv2][query] GET https://serviceusage.googleapis.com/v1/projects/inverse-board/services/cloudfunctions.googleapis.com [none]
[debug] [2023-01-24T17:27:04.217Z] >>> [apiv2][(partial)header] GET https://serviceusage.googleapis.com/v1/projects/inverse-board/services/cloudfunctions.googleapis.com x-goog-quota-user=projects/inverse-board
[debug] [2023-01-24T17:27:04.218Z] >>> [apiv2][query] GET https://serviceusage.googleapis.com/v1/projects/inverse-board/services/runtimeconfig.googleapis.com [none]
[debug] [2023-01-24T17:27:04.218Z] >>> [apiv2][(partial)header] GET https://serviceusage.googleapis.com/v1/projects/inverse-board/services/runtimeconfig.googleapis.com x-goog-quota-user=projects/inverse-board
[debug] [2023-01-24T17:27:04.218Z] >>> [apiv2][query] GET https://serviceusage.googleapis.com/v1/projects/inverse-board/services/cloudbuild.googleapis.com [none]
[debug] [2023-01-24T17:27:04.218Z] >>> [apiv2][(partial)header] GET https://serviceusage.googleapis.com/v1/projects/inverse-board/services/cloudbuild.googleapis.com x-goog-quota-user=projects/inverse-board
[debug] [2023-01-24T17:27:04.218Z] >>> [apiv2][query] GET https://serviceusage.googleapis.com/v1/projects/inverse-board/services/artifactregistry.googleapis.com [none]
[debug] [2023-01-24T17:27:04.218Z] >>> [apiv2][(partial)header] GET https://serviceusage.googleapis.com/v1/projects/inverse-board/services/artifactregistry.googleapis.com x-goog-quota-user=projects/inverse-board
[debug] [2023-01-24T17:27:04.496Z] <<< [apiv2][status] GET https://serviceusage.googleapis.com/v1/projects/inverse-board/services/artifactregistry.googleapis.com 200
[debug] [2023-01-24T17:27:04.496Z] <<< [apiv2][body] GET https://serviceusage.googleapis.com/v1/projects/inverse-board/services/artifactregistry.googleapis.com [omitted]
[info] ✔  artifactregistry: required API artifactregistry.googleapis.com is enabled 
[debug] [2023-01-24T17:27:04.509Z] <<< [apiv2][status] GET https://serviceusage.googleapis.com/v1/projects/inverse-board/services/cloudbuild.googleapis.com 200
[debug] [2023-01-24T17:27:04.509Z] <<< [apiv2][body] GET https://serviceusage.googleapis.com/v1/projects/inverse-board/services/cloudbuild.googleapis.com [omitted]
[info] ✔  functions: required API cloudbuild.googleapis.com is enabled 
[debug] [2023-01-24T17:27:04.564Z] <<< [apiv2][status] GET https://serviceusage.googleapis.com/v1/projects/inverse-board/services/cloudfunctions.googleapis.com 200
[debug] [2023-01-24T17:27:04.564Z] <<< [apiv2][body] GET https://serviceusage.googleapis.com/v1/projects/inverse-board/services/cloudfunctions.googleapis.com [omitted]
[info] ✔  functions: required API cloudfunctions.googleapis.com is enabled 
[debug] [2023-01-24T17:27:04.586Z] <<< [apiv2][status] GET https://serviceusage.googleapis.com/v1/projects/inverse-board/services/runtimeconfig.googleapis.com 200
[debug] [2023-01-24T17:27:04.587Z] <<< [apiv2][body] GET https://serviceusage.googleapis.com/v1/projects/inverse-board/services/runtimeconfig.googleapis.com [omitted]
[debug] [2023-01-24T17:27:04.587Z] >>> [apiv2][query] GET https://firebase.googleapis.com/v1beta1/projects/inverse-board/adminSdkConfig [none]
[debug] [2023-01-24T17:27:04.799Z] <<< [apiv2][status] GET https://firebase.googleapis.com/v1beta1/projects/inverse-board/adminSdkConfig 200
[debug] [2023-01-24T17:27:04.799Z] <<< [apiv2][body] GET https://firebase.googleapis.com/v1beta1/projects/inverse-board/adminSdkConfig {"projectId":"inverse-board","storageBucket":"inverse-board.appspot.com"}
[debug] [2023-01-24T17:27:04.799Z] >>> [apiv2][query] GET https://runtimeconfig.googleapis.com/v1beta1/projects/inverse-board/configs [none]
[debug] [2023-01-24T17:27:05.197Z] <<< [apiv2][status] GET https://runtimeconfig.googleapis.com/v1beta1/projects/inverse-board/configs 200
[debug] [2023-01-24T17:27:05.198Z] <<< [apiv2][body] GET https://runtimeconfig.googleapis.com/v1beta1/projects/inverse-board/configs {}
[debug] [2023-01-24T17:27:05.200Z] Validating nodejs source
[warn] ⚠  functions: package.json indicates an outdated version of firebase-functions. Please upgrade using npm install --save firebase-functions@latest in your functions directory. 
[warn] ⚠  functions: Please note that there will be breaking changes when you upgrade. 
[debug] [2023-01-24T17:27:05.562Z] > [functions] package.json contents: {
  "name": "functions",
  "scripts": {
    "build": "tsc",
    "build:watch": "tsc --watch",
    "serve": "npm run build && firebase emulators:start --only functions",
    "shell": "npm run build && firebase functions:shell",
    "start": "npm run shell",
    "deploy": "firebase deploy --only functions",
    "logs": "firebase functions:log"
  },
  "engines": {
    "node": "16"
  },
  "main": "lib/index.js",
  "dependencies": {
    "@drift-labs/sdk": "^2.12.0-beta.3",
    "@project-serum/anchor": "0.25.0-beta.1",
    "@solana/web3.js": "^1.73.0",
    "bs58": "^5.0.0",
    "firebase-admin": "^10.0.2",
    "firebase-functions": "^3.18.0",
    "twitter-api-client": "^1.6.1"
  },
  "devDependencies": {
    "@types/bn.js": "^5.1.1",
    "@types/node-fetch": "^2.6.2",
    "@typescript-eslint/eslint-plugin": "^5.12.0",
    "@typescript-eslint/parser": "^5.12.0",
    "eslint": "^8.9.0",
    "eslint-config-google": "^0.14.0",
    "eslint-plugin-import": "^2.25.4",
    "firebase-functions-test": "^0.2.0",
    "typescript": "^4.5.4"
  },
  "private": true
}
[debug] [2023-01-24T17:27:05.562Z] Building nodejs source
[debug] [2023-01-24T17:27:05.563Z] Could not find functions.yaml. Must use http discovery
[debug] [2023-01-24T17:27:05.634Z] Serving at port 9005

[debug] [2023-01-24T17:27:05.792Z] Got response from /__/functions.yaml {"endpoints":{"heliusWebhook":{"platform":"gcfv1","secretEnvironmentVariables":[{"key":"TWITTER_CONSUMER_KEY"},{"key":"TWITTER_CONSUMER_SECRET"},{"key":"TWITTER_ACCESS_TOKEN"},{"key":"TWITTER_ACCESS_TOKEN_SECRET"},{"key":"HELIUS_AUTH_HEADER"}],"httpsTrigger":{},"entryPoint":"heliusWebhook"}},"specVersion":"v1alpha1","requiredAPIs":[],"params":[{"type":"secret","name":"TWITTER_CONSUMER_KEY"},{"type":"secret","name":"TWITTER_CONSUMER_SECRET"},{"type":"secret","name":"TWITTER_ACCESS_TOKEN"},{"type":"secret","name":"TWITTER_ACCESS_TOKEN_SECRET"},{"type":"secret","name":"HELIUS_AUTH_HEADER"}]}
[debug] [2023-01-24T17:27:05.800Z] shutdown requested via /__/quitquitquit

[debug] [2023-01-24T17:27:05.806Z] >>> [apiv2][query] GET https://secretmanager.googleapis.com/v1/projects/inverse-board/secrets/TWITTER_CONSUMER_KEY [none]
[debug] [2023-01-24T17:27:05.968Z] <<< [apiv2][status] GET https://secretmanager.googleapis.com/v1/projects/inverse-board/secrets/TWITTER_CONSUMER_KEY 200
[debug] [2023-01-24T17:27:05.969Z] <<< [apiv2][body] GET https://secretmanager.googleapis.com/v1/projects/inverse-board/secrets/TWITTER_CONSUMER_KEY {"name":"projects/1028304856185/secrets/TWITTER_CONSUMER_KEY","replication":{"automatic":{}},"createTime":"2023-01-23T19:49:13.151340Z","labels":{"firebase-managed":"true"},"etag":"\"15f2f3b18a2f6c\""}
[debug] [2023-01-24T17:27:05.969Z] >>> [apiv2][query] GET https://secretmanager.googleapis.com/v1/projects/inverse-board/secrets/TWITTER_CONSUMER_KEY/versions/latest [none]
[debug] [2023-01-24T17:27:05.970Z] >>> [apiv2][query] GET https://secretmanager.googleapis.com/v1/projects/inverse-board/secrets/TWITTER_CONSUMER_SECRET [none]
[debug] [2023-01-24T17:27:06.171Z] <<< [apiv2][status] GET https://secretmanager.googleapis.com/v1/projects/inverse-board/secrets/TWITTER_CONSUMER_SECRET 200
[debug] [2023-01-24T17:27:06.171Z] <<< [apiv2][body] GET https://secretmanager.googleapis.com/v1/projects/inverse-board/secrets/TWITTER_CONSUMER_SECRET {"name":"projects/1028304856185/secrets/TWITTER_CONSUMER_SECRET","replication":{"automatic":{}},"createTime":"2023-01-23T19:49:32.456284Z","labels":{"firebase-managed":"true"},"etag":"\"15f2f3b2b0c15c\""}
[debug] [2023-01-24T17:27:06.171Z] >>> [apiv2][query] GET https://secretmanager.googleapis.com/v1/projects/inverse-board/secrets/TWITTER_CONSUMER_SECRET/versions/latest [none]
[debug] [2023-01-24T17:27:06.173Z] >>> [apiv2][query] GET https://secretmanager.googleapis.com/v1/projects/inverse-board/secrets/TWITTER_ACCESS_TOKEN [none]
[debug] [2023-01-24T17:27:06.179Z] <<< [apiv2][status] GET https://secretmanager.googleapis.com/v1/projects/inverse-board/secrets/TWITTER_CONSUMER_KEY/versions/latest 200
[debug] [2023-01-24T17:27:06.179Z] <<< [apiv2][body] GET https://secretmanager.googleapis.com/v1/projects/inverse-board/secrets/TWITTER_CONSUMER_KEY/versions/latest {"name":"projects/1028304856185/secrets/TWITTER_CONSUMER_KEY/versions/2","createTime":"2023-01-23T19:49:50.084380Z","state":"ENABLED","replicationStatus":{"automatic":{}},"etag":"\"15f2f3b3bdbd1c\""}
[debug] [2023-01-24T17:27:06.374Z] <<< [apiv2][status] GET https://secretmanager.googleapis.com/v1/projects/inverse-board/secrets/TWITTER_ACCESS_TOKEN 200
[debug] [2023-01-24T17:27:06.375Z] <<< [apiv2][body] GET https://secretmanager.googleapis.com/v1/projects/inverse-board/secrets/TWITTER_ACCESS_TOKEN {"name":"projects/1028304856185/secrets/TWITTER_ACCESS_TOKEN","replication":{"automatic":{}},"createTime":"2023-01-23T19:50:02.642147Z","labels":{"firebase-managed":"true"},"etag":"\"15f2f3b47d5ae3\""}
[debug] [2023-01-24T17:27:06.375Z] >>> [apiv2][query] GET https://secretmanager.googleapis.com/v1/projects/inverse-board/secrets/TWITTER_ACCESS_TOKEN/versions/latest [none]
[debug] [2023-01-24T17:27:06.376Z] >>> [apiv2][query] GET https://secretmanager.googleapis.com/v1/projects/inverse-board/secrets/TWITTER_ACCESS_TOKEN_SECRET [none]
[debug] [2023-01-24T17:27:06.542Z] <<< [apiv2][status] GET https://secretmanager.googleapis.com/v1/projects/inverse-board/secrets/TWITTER_CONSUMER_SECRET/versions/latest 200
[debug] [2023-01-24T17:27:06.542Z] <<< [apiv2][body] GET https://secretmanager.googleapis.com/v1/projects/inverse-board/secrets/TWITTER_CONSUMER_SECRET/versions/latest {"name":"projects/1028304856185/secrets/TWITTER_CONSUMER_SECRET/versions/1","createTime":"2023-01-23T19:49:39.257410Z","state":"ENABLED","replicationStatus":{"automatic":{}},"etag":"\"15f2f3b3188842\""}
[debug] [2023-01-24T17:27:06.571Z] <<< [apiv2][status] GET https://secretmanager.googleapis.com/v1/projects/inverse-board/secrets/TWITTER_ACCESS_TOKEN_SECRET 200
[debug] [2023-01-24T17:27:06.572Z] <<< [apiv2][body] GET https://secretmanager.googleapis.com/v1/projects/inverse-board/secrets/TWITTER_ACCESS_TOKEN_SECRET {"name":"projects/1028304856185/secrets/TWITTER_ACCESS_TOKEN_SECRET","replication":{"automatic":{}},"createTime":"2023-01-23T19:50:15.294046Z","labels":{"firebase-managed":"true"},"etag":"\"15f2f3b53e685e\""}
[debug] [2023-01-24T17:27:06.572Z] >>> [apiv2][query] GET https://secretmanager.googleapis.com/v1/projects/inverse-board/secrets/TWITTER_ACCESS_TOKEN_SECRET/versions/latest [none]
[debug] [2023-01-24T17:27:06.574Z] >>> [apiv2][query] GET https://secretmanager.googleapis.com/v1/projects/inverse-board/secrets/HELIUS_AUTH_HEADER [none]
[debug] [2023-01-24T17:27:06.583Z] <<< [apiv2][status] GET https://secretmanager.googleapis.com/v1/projects/inverse-board/secrets/TWITTER_ACCESS_TOKEN/versions/latest 200
[debug] [2023-01-24T17:27:06.583Z] <<< [apiv2][body] GET https://secretmanager.googleapis.com/v1/projects/inverse-board/secrets/TWITTER_ACCESS_TOKEN/versions/latest {"name":"projects/1028304856185/secrets/TWITTER_ACCESS_TOKEN/versions/1","createTime":"2023-01-23T19:50:04.979616Z","state":"ENABLED","replicationStatus":{"automatic":{}},"etag":"\"15f2f3b4a105a0\""}
[debug] [2023-01-24T17:27:06.765Z] <<< [apiv2][status] GET https://secretmanager.googleapis.com/v1/projects/inverse-board/secrets/HELIUS_AUTH_HEADER 200
[debug] [2023-01-24T17:27:06.765Z] <<< [apiv2][body] GET https://secretmanager.googleapis.com/v1/projects/inverse-board/secrets/HELIUS_AUTH_HEADER {"name":"projects/1028304856185/secrets/HELIUS_AUTH_HEADER","replication":{"automatic":{}},"createTime":"2023-01-24T16:57:51.815322Z","labels":{"firebase-hosting-managed":"yes"},"etag":"\"15f3056a90d29a\""}
[debug] [2023-01-24T17:27:06.765Z] >>> [apiv2][query] GET https://secretmanager.googleapis.com/v1/projects/inverse-board/secrets/HELIUS_AUTH_HEADER/versions/latest [none]
[info] i  functions: preparing functions directory for uploading... 
[debug] [2023-01-24T17:27:06.783Z] <<< [apiv2][status] GET https://secretmanager.googleapis.com/v1/projects/inverse-board/secrets/TWITTER_ACCESS_TOKEN_SECRET/versions/latest 200
[debug] [2023-01-24T17:27:06.783Z] <<< [apiv2][body] GET https://secretmanager.googleapis.com/v1/projects/inverse-board/secrets/TWITTER_ACCESS_TOKEN_SECRET/versions/latest {"name":"projects/1028304856185/secrets/TWITTER_ACCESS_TOKEN_SECRET/versions/1","createTime":"2023-01-23T19:50:16.864941Z","state":"ENABLED","replicationStatus":{"automatic":{}},"etag":"\"15f2f3b55660ad\""}
[info] i  functions: packaged /Users/nic/code/inverse-board/functions (223.89 KB) for uploading 
[debug] [2023-01-24T17:27:06.819Z] >>> [apiv2][query] GET https://cloudfunctions.googleapis.com/v1/projects/inverse-board/locations/-/functions [none]
[debug] [2023-01-24T17:27:06.946Z] <<< [apiv2][status] GET https://secretmanager.googleapis.com/v1/projects/inverse-board/secrets/HELIUS_AUTH_HEADER/versions/latest 200
[debug] [2023-01-24T17:27:06.946Z] <<< [apiv2][body] GET https://secretmanager.googleapis.com/v1/projects/inverse-board/secrets/HELIUS_AUTH_HEADER/versions/latest {"name":"projects/1028304856185/secrets/HELIUS_AUTH_HEADER/versions/1","createTime":"2023-01-24T16:57:52.421347Z","state":"ENABLED","replicationStatus":{"automatic":{}},"etag":"\"15f3056a9a11e3\""}
[debug] [2023-01-24T17:27:07.299Z] <<< [apiv2][status] GET https://cloudfunctions.googleapis.com/v1/projects/inverse-board/locations/-/functions 200
[debug] [2023-01-24T17:27:07.299Z] <<< [apiv2][body] GET https://cloudfunctions.googleapis.com/v1/projects/inverse-board/locations/-/functions {"functions":[{"name":"projects/inverse-board/locations/us-central1/functions/heliusWebhook","httpsTrigger":{"url":"https://us-central1-inverse-board.cloudfunctions.net/heliusWebhook","securityLevel":"SECURE_ALWAYS"},"status":"ACTIVE","entryPoint":"heliusWebhook","timeout":"60s","availableMemoryMb":256,"serviceAccountEmail":"inverse-board@appspot.gserviceaccount.com","updateTime":"2023-01-24T17:04:47.006Z","versionId":"5","labels":{"deployment-tool":"cli-firebase","firebase-functions-hash":"e30a00dbea856ab7371857b688acf1ecbb64da42"},"sourceUploadUrl":"https://storage.googleapis.com/uploads-875143882150.us-central1.cloudfunctions.appspot.com/15ec3662-e5bf-4925-ab1b-483035651f95.zip","environmentVariables":{"FIREBASE_CONFIG":"{\"projectId\":\"inverse-board\",\"storageBucket\":\"inverse-board.appspot.com\"}","GCLOUD_PROJECT":"inverse-board","EVENTARC_CLOUD_EVENT_SOURCE":"projects/inverse-board/locations/us-central1/functions/heliusWebhook"},"runtime":"nodejs16","ingressSettings":"ALLOW_ALL","buildId":"6009b55b-7acd-4dd0-a857-e8db18d61c41","secretEnvironmentVariables":[{"key":"TWITTER_CONSUMER_KEY","projectId":"1028304856185","secret":"TWITTER_CONSUMER_KEY","version":"2"},{"key":"TWITTER_CONSUMER_SECRET","projectId":"1028304856185","secret":"TWITTER_CONSUMER_SECRET","version":"1"},{"key":"TWITTER_ACCESS_TOKEN","projectId":"1028304856185","secret":"TWITTER_ACCESS_TOKEN","version":"1"},{"key":"TWITTER_ACCESS_TOKEN_SECRET","projectId":"1028304856185","secret":"TWITTER_ACCESS_TOKEN_SECRET","version":"1"},{"key":"HELIUS_AUTH_HEADER","projectId":"1028304856185","secret":"HELIUS_AUTH_HEADER","version":"1"}],"buildName":"projects/1028304856185/locations/us-central1/builds/6009b55b-7acd-4dd0-a857-e8db18d61c41","dockerRegistry":"ARTIFACT_REGISTRY"}]}
[debug] [2023-01-24T17:27:07.299Z] >>> [apiv2][query] GET https://cloudfunctions.googleapis.com/v2/projects/inverse-board/locations/-/functions filter=environment%3D%22GEN_2%22
[debug] [2023-01-24T17:27:07.895Z] <<< [apiv2][status] GET https://cloudfunctions.googleapis.com/v2/projects/inverse-board/locations/-/functions 200
[debug] [2023-01-24T17:27:07.895Z] <<< [apiv2][body] GET https://cloudfunctions.googleapis.com/v2/projects/inverse-board/locations/-/functions {}
[debug] [2023-01-24T17:27:07.897Z] >>> [apiv2][query] GET https://secretmanager.googleapis.com/v1/projects/inverse-board/secrets/TWITTER_CONSUMER_KEY/versions/latest [none]
[debug] [2023-01-24T17:27:07.898Z] >>> [apiv2][query] GET https://secretmanager.googleapis.com/v1/projects/inverse-board/secrets/TWITTER_CONSUMER_SECRET/versions/latest [none]
[debug] [2023-01-24T17:27:07.898Z] >>> [apiv2][query] GET https://secretmanager.googleapis.com/v1/projects/inverse-board/secrets/TWITTER_ACCESS_TOKEN/versions/latest [none]
[debug] [2023-01-24T17:27:07.898Z] >>> [apiv2][query] GET https://secretmanager.googleapis.com/v1/projects/inverse-board/secrets/TWITTER_ACCESS_TOKEN_SECRET/versions/latest [none]
[debug] [2023-01-24T17:27:07.899Z] >>> [apiv2][query] GET https://secretmanager.googleapis.com/v1/projects/inverse-board/secrets/HELIUS_AUTH_HEADER/versions/latest [none]
[debug] [2023-01-24T17:27:08.063Z] <<< [apiv2][status] GET https://secretmanager.googleapis.com/v1/projects/inverse-board/secrets/HELIUS_AUTH_HEADER/versions/latest 200
[debug] [2023-01-24T17:27:08.063Z] <<< [apiv2][body] GET https://secretmanager.googleapis.com/v1/projects/inverse-board/secrets/HELIUS_AUTH_HEADER/versions/latest {"name":"projects/1028304856185/secrets/HELIUS_AUTH_HEADER/versions/1","createTime":"2023-01-24T16:57:52.421347Z","state":"ENABLED","replicationStatus":{"automatic":{}},"etag":"\"15f3056a9a11e3\""}
[debug] [2023-01-24T17:27:08.063Z] Resolved secret version of HELIUS_AUTH_HEADER to 1.
[debug] [2023-01-24T17:27:08.074Z] <<< [apiv2][status] GET https://secretmanager.googleapis.com/v1/projects/inverse-board/secrets/TWITTER_ACCESS_TOKEN/versions/latest 200
[debug] [2023-01-24T17:27:08.074Z] <<< [apiv2][body] GET https://secretmanager.googleapis.com/v1/projects/inverse-board/secrets/TWITTER_ACCESS_TOKEN/versions/latest {"name":"projects/1028304856185/secrets/TWITTER_ACCESS_TOKEN/versions/1","createTime":"2023-01-23T19:50:04.979616Z","state":"ENABLED","replicationStatus":{"automatic":{}},"etag":"\"15f2f3b4a105a0\""}
[debug] [2023-01-24T17:27:08.074Z] Resolved secret version of TWITTER_ACCESS_TOKEN to 1.
[debug] [2023-01-24T17:27:08.074Z] <<< [apiv2][status] GET https://secretmanager.googleapis.com/v1/projects/inverse-board/secrets/TWITTER_ACCESS_TOKEN_SECRET/versions/latest 200
[debug] [2023-01-24T17:27:08.074Z] <<< [apiv2][body] GET https://secretmanager.googleapis.com/v1/projects/inverse-board/secrets/TWITTER_ACCESS_TOKEN_SECRET/versions/latest {"name":"projects/1028304856185/secrets/TWITTER_ACCESS_TOKEN_SECRET/versions/1","createTime":"2023-01-23T19:50:16.864941Z","state":"ENABLED","replicationStatus":{"automatic":{}},"etag":"\"15f2f3b55660ad\""}
[debug] [2023-01-24T17:27:08.074Z] Resolved secret version of TWITTER_ACCESS_TOKEN_SECRET to 1.
[debug] [2023-01-24T17:27:08.132Z] <<< [apiv2][status] GET https://secretmanager.googleapis.com/v1/projects/inverse-board/secrets/TWITTER_CONSUMER_KEY/versions/latest 200
[debug] [2023-01-24T17:27:08.132Z] <<< [apiv2][body] GET https://secretmanager.googleapis.com/v1/projects/inverse-board/secrets/TWITTER_CONSUMER_KEY/versions/latest {"name":"projects/1028304856185/secrets/TWITTER_CONSUMER_KEY/versions/2","createTime":"2023-01-23T19:49:50.084380Z","state":"ENABLED","replicationStatus":{"automatic":{}},"etag":"\"15f2f3b3bdbd1c\""}
[debug] [2023-01-24T17:27:08.132Z] Resolved secret version of TWITTER_CONSUMER_KEY to 2.
[debug] [2023-01-24T17:27:08.427Z] <<< [apiv2][status] GET https://secretmanager.googleapis.com/v1/projects/inverse-board/secrets/TWITTER_CONSUMER_SECRET/versions/latest 200
[debug] [2023-01-24T17:27:08.427Z] <<< [apiv2][body] GET https://secretmanager.googleapis.com/v1/projects/inverse-board/secrets/TWITTER_CONSUMER_SECRET/versions/latest {"name":"projects/1028304856185/secrets/TWITTER_CONSUMER_SECRET/versions/1","createTime":"2023-01-23T19:49:39.257410Z","state":"ENABLED","replicationStatus":{"automatic":{}},"etag":"\"15f2f3b3188842\""}
[debug] [2023-01-24T17:27:08.428Z] Resolved secret version of TWITTER_CONSUMER_SECRET to 1.
[debug] [2023-01-24T17:27:08.428Z] >>> [apiv2][query] GET https://firebase.googleapis.com/v1beta1/projects/inverse-board [none]
[debug] [2023-01-24T17:27:08.610Z] <<< [apiv2][status] GET https://firebase.googleapis.com/v1beta1/projects/inverse-board 200
[debug] [2023-01-24T17:27:08.610Z] <<< [apiv2][body] GET https://firebase.googleapis.com/v1beta1/projects/inverse-board {"projectId":"inverse-board","projectNumber":"1028304856185","displayName":"inverse-board","name":"projects/inverse-board","resources":{"hostingSite":"inverse-board"},"state":"ACTIVE","etag":"1_7cf62077-cb77-433e-824e-2f12d2b02323"}
[debug] [2023-01-24T17:27:08.611Z] >>> [apiv2][query] POST https://cloudfunctions.googleapis.com/v1/projects/inverse-board/locations/us-central1/functions:generateUploadUrl [none]
[debug] [2023-01-24T17:27:08.611Z] >>> [apiv2][body] POST https://cloudfunctions.googleapis.com/v1/projects/inverse-board/locations/us-central1/functions:generateUploadUrl {}
[debug] [2023-01-24T17:27:09.229Z] <<< [apiv2][status] POST https://cloudfunctions.googleapis.com/v1/projects/inverse-board/locations/us-central1/functions:generateUploadUrl 200
[debug] [2023-01-24T17:27:09.229Z] <<< [apiv2][body] POST https://cloudfunctions.googleapis.com/v1/projects/inverse-board/locations/us-central1/functions:generateUploadUrl {"uploadUrl":"https://storage.googleapis.com/uploads-875143882150.us-central1.cloudfunctions.appspot.com/e2b8f360-1afc-4dbf-9ef9-c800ed6f52dc.zip?GoogleAccessId=service-1028304856185@gcf-admin-robot.iam.gserviceaccount.com&Expires=1674583029&Signature=TrZ2xisvV6e4NHleQzuhzng1eWPRAx1ftJkRETkRiakfNjbfob1%2BA1URVI%2B8q9JW31pcCZpcIDMbnUa1kqnw6bptpmY6pV%2Fc%2Bujni1tayfMI6d2rbaU18rp%2FH8AMpABSnmJZL3bes9jq9fcEBiIVL7BKMyyy7ry7wC2Gkg0WPFHJltjaRCzeCYNrrLS9VmmU%2B%2Fe%2FDTl3gxeZbz5SUutWnQ8MQ%2Fbd7lBSeztornWIXhkz8L%2FcWafhv8%2BnSHJ7igrfSCCiRigyKwE4jorb6G%2FKLWzavD6wvEoOZlxr%2BXz0QdDgHoKG9MT2yi69LcbJGG%2FE6Uvg0vbn0psyL0KIXwmZ9Q%3D%3D"}
[debug] [2023-01-24T17:27:09.230Z] >>> [apiv2][query] PUT https://storage.googleapis.com/uploads-875143882150.us-central1.cloudfunctions.appspot.com/e2b8f360-1afc-4dbf-9ef9-c800ed6f52dc.zip GoogleAccessId=service-1028304856185%40gcf-admin-robot.iam.gserviceaccount.com&Expires=1674583029&Signature=TrZ2xisvV6e4NHleQzuhzng1eWPRAx1ftJkRETkRiakfNjbfob1%2BA1URVI%2B8q9JW31pcCZpcIDMbnUa1kqnw6bptpmY6pV%2Fc%2Bujni1tayfMI6d2rbaU18rp%2FH8AMpABSnmJZL3bes9jq9fcEBiIVL7BKMyyy7ry7wC2Gkg0WPFHJltjaRCzeCYNrrLS9VmmU%2B%2Fe%2FDTl3gxeZbz5SUutWnQ8MQ%2Fbd7lBSeztornWIXhkz8L%2FcWafhv8%2BnSHJ7igrfSCCiRigyKwE4jorb6G%2FKLWzavD6wvEoOZlxr%2BXz0QdDgHoKG9MT2yi69LcbJGG%2FE6Uvg0vbn0psyL0KIXwmZ9Q%3D%3D
[debug] [2023-01-24T17:27:09.230Z] >>> [apiv2][body] PUT https://storage.googleapis.com/uploads-875143882150.us-central1.cloudfunctions.appspot.com/e2b8f360-1afc-4dbf-9ef9-c800ed6f52dc.zip [stream]
[debug] [2023-01-24T17:27:09.574Z] <<< [apiv2][status] PUT https://storage.googleapis.com/uploads-875143882150.us-central1.cloudfunctions.appspot.com/e2b8f360-1afc-4dbf-9ef9-c800ed6f52dc.zip 200
[debug] [2023-01-24T17:27:09.574Z] <<< [apiv2][body] PUT https://storage.googleapis.com/uploads-875143882150.us-central1.cloudfunctions.appspot.com/e2b8f360-1afc-4dbf-9ef9-c800ed6f52dc.zip [omitted]
[info] ✔  functions: functions folder uploaded successfully 
[info] i  functions: updating Node.js 16 function heliusWebhook(us-central1)... 
[debug] [2023-01-24T17:27:09.577Z] >>> [apiv2][query] PATCH https://cloudfunctions.googleapis.com/v1/projects/inverse-board/locations/us-central1/functions/heliusWebhook updateMask=name%2CsourceUploadUrl%2CentryPoint%2Cruntime%2CdockerRegistry%2Clabels%2ChttpsTrigger.securityLevel%2CenvironmentVariables%2CsecretEnvironmentVariables%2CavailableMemoryMb%2CsourceToken
[debug] [2023-01-24T17:27:09.577Z] >>> [apiv2][body] PATCH https://cloudfunctions.googleapis.com/v1/projects/inverse-board/locations/us-central1/functions/heliusWebhook {"name":"projects/inverse-board/locations/us-central1/functions/heliusWebhook","sourceUploadUrl":"https://storage.googleapis.com/uploads-875143882150.us-central1.cloudfunctions.appspot.com/e2b8f360-1afc-4dbf-9ef9-c800ed6f52dc.zip?GoogleAccessId=service-1028304856185@gcf-admin-robot.iam.gserviceaccount.com&Expires=1674583029&Signature=TrZ2xisvV6e4NHleQzuhzng1eWPRAx1ftJkRETkRiakfNjbfob1%2BA1URVI%2B8q9JW31pcCZpcIDMbnUa1kqnw6bptpmY6pV%2Fc%2Bujni1tayfMI6d2rbaU18rp%2FH8AMpABSnmJZL3bes9jq9fcEBiIVL7BKMyyy7ry7wC2Gkg0WPFHJltjaRCzeCYNrrLS9VmmU%2B%2Fe%2FDTl3gxeZbz5SUutWnQ8MQ%2Fbd7lBSeztornWIXhkz8L%2FcWafhv8%2BnSHJ7igrfSCCiRigyKwE4jorb6G%2FKLWzavD6wvEoOZlxr%2BXz0QdDgHoKG9MT2yi69LcbJGG%2FE6Uvg0vbn0psyL0KIXwmZ9Q%3D%3D","entryPoint":"heliusWebhook","runtime":"nodejs16","dockerRegistry":"ARTIFACT_REGISTRY","labels":{"deployment-tool":"cli-firebase","firebase-functions-hash":"c78e5d9bbc66a2e5a77330ddea9fda3f11414215"},"httpsTrigger":{"securityLevel":"SECURE_ALWAYS"},"environmentVariables":{"FIREBASE_CONFIG":"{\"projectId\":\"inverse-board\",\"storageBucket\":\"inverse-board.appspot.com\"}","GCLOUD_PROJECT":"inverse-board","EVENTARC_CLOUD_EVENT_SOURCE":"projects/inverse-board/locations/us-central1/functions/heliusWebhook"},"secretEnvironmentVariables":[{"key":"TWITTER_CONSUMER_KEY","secret":"TWITTER_CONSUMER_KEY","projectId":"inverse-board","version":"2"},{"key":"TWITTER_CONSUMER_SECRET","secret":"TWITTER_CONSUMER_SECRET","projectId":"inverse-board","version":"1"},{"key":"TWITTER_ACCESS_TOKEN","secret":"TWITTER_ACCESS_TOKEN","projectId":"inverse-board","version":"1"},{"key":"TWITTER_ACCESS_TOKEN_SECRET","secret":"TWITTER_ACCESS_TOKEN_SECRET","projectId":"inverse-board","version":"1"},{"key":"HELIUS_AUTH_HEADER","secret":"HELIUS_AUTH_HEADER","projectId":"inverse-board","version":"1"}],"availableMemoryMb":256}
[debug] [2023-01-24T17:27:10.106Z] <<< [apiv2][status] PATCH https://cloudfunctions.googleapis.com/v1/projects/inverse-board/locations/us-central1/functions/heliusWebhook 200
[debug] [2023-01-24T17:27:10.106Z] <<< [apiv2][body] PATCH https://cloudfunctions.googleapis.com/v1/projects/inverse-board/locations/us-central1/functions/heliusWebhook {"name":"operations/aW52ZXJzZS1ib2FyZC91cy1jZW50cmFsMS9oZWxpdXNXZWJob29rL01qdmM0TDhrVjBF","metadata":{"@type":"type.googleapis.com/google.cloud.functions.v1.OperationMetadataV1","target":"projects/inverse-board/locations/us-central1/functions/heliusWebhook","type":"UPDATE_FUNCTION","request":{"@type":"type.googleapis.com/google.cloud.functions.v1.CloudFunction","name":"projects/inverse-board/locations/us-central1/functions/heliusWebhook","httpsTrigger":{"url":"https://us-central1-inverse-board.cloudfunctions.net/heliusWebhook","securityLevel":"SECURE_ALWAYS"},"status":"ACTIVE","entryPoint":"heliusWebhook","timeout":"60s","availableMemoryMb":256,"serviceAccountEmail":"inverse-board@appspot.gserviceaccount.com","updateTime":"2023-01-24T17:04:47.006Z","versionId":"5","labels":{"deployment-tool":"cli-firebase","firebase-functions-hash":"c78e5d9bbc66a2e5a77330ddea9fda3f11414215"},"sourceUploadUrl":"https://storage.googleapis.com/uploads-875143882150.us-central1.cloudfunctions.appspot.com/e2b8f360-1afc-4dbf-9ef9-c800ed6f52dc.zip?GoogleAccessId=service-1028304856185@gcf-admin-robot.iam.gserviceaccount.com&Expires=1674583029&Signature=TrZ2xisvV6e4NHleQzuhzng1eWPRAx1ftJkRETkRiakfNjbfob1%2BA1URVI%2B8q9JW31pcCZpcIDMbnUa1kqnw6bptpmY6pV%2Fc%2Bujni1tayfMI6d2rbaU18rp%2FH8AMpABSnmJZL3bes9jq9fcEBiIVL7BKMyyy7ry7wC2Gkg0WPFHJltjaRCzeCYNrrLS9VmmU%2B%2Fe%2FDTl3gxeZbz5SUutWnQ8MQ%2Fbd7lBSeztornWIXhkz8L%2FcWafhv8%2BnSHJ7igrfSCCiRigyKwE4jorb6G%2FKLWzavD6wvEoOZlxr%2BXz0QdDgHoKG9MT2yi69LcbJGG%2FE6Uvg0vbn0psyL0KIXwmZ9Q%3D%3D","environmentVariables":{"FIREBASE_CONFIG":"{\"projectId\":\"inverse-board\",\"storageBucket\":\"inverse-board.appspot.com\"}","GCLOUD_PROJECT":"inverse-board","EVENTARC_CLOUD_EVENT_SOURCE":"projects/inverse-board/locations/us-central1/functions/heliusWebhook"},"runtime":"nodejs16","ingressSettings":"ALLOW_ALL","buildId":"6009b55b-7acd-4dd0-a857-e8db18d61c41","secretEnvironmentVariables":[{"key":"TWITTER_CONSUMER_KEY","projectId":"inverse-board","secret":"TWITTER_CONSUMER_KEY","version":"2"},{"key":"TWITTER_CONSUMER_SECRET","projectId":"inverse-board","secret":"TWITTER_CONSUMER_SECRET","version":"1"},{"key":"TWITTER_ACCESS_TOKEN","projectId":"inverse-board","secret":"TWITTER_ACCESS_TOKEN","version":"1"},{"key":"TWITTER_ACCESS_TOKEN_SECRET","projectId":"inverse-board","secret":"TWITTER_ACCESS_TOKEN_SECRET","version":"1"},{"key":"HELIUS_AUTH_HEADER","projectId":"inverse-board","secret":"HELIUS_AUTH_HEADER","version":"1"}],"buildName":"projects/1028304856185/locations/us-central1/builds/6009b55b-7acd-4dd0-a857-e8db18d61c41","dockerRegistry":"ARTIFACT_REGISTRY"},"versionId":"6","updateTime":"2023-01-24T17:27:10Z"}}
[debug] [2023-01-24T17:27:10.107Z] >>> [apiv2][query] GET https://cloudfunctions.googleapis.com/v1/operations/aW52ZXJzZS1ib2FyZC91cy1jZW50cmFsMS9oZWxpdXNXZWJob29rL01qdmM0TDhrVjBF [none]
[debug] [2023-01-24T17:27:10.293Z] <<< [apiv2][status] GET https://cloudfunctions.googleapis.com/v1/operations/aW52ZXJzZS1ib2FyZC91cy1jZW50cmFsMS9oZWxpdXNXZWJob29rL01qdmM0TDhrVjBF 200
[debug] [2023-01-24T17:27:10.293Z] <<< [apiv2][body] GET https://cloudfunctions.googleapis.com/v1/operations/aW52ZXJzZS1ib2FyZC91cy1jZW50cmFsMS9oZWxpdXNXZWJob29rL01qdmM0TDhrVjBF {"name":"operations/aW52ZXJzZS1ib2FyZC91cy1jZW50cmFsMS9oZWxpdXNXZWJob29rL01qdmM0TDhrVjBF","metadata":{"@type":"type.googleapis.com/google.cloud.functions.v1.OperationMetadataV1","target":"projects/inverse-board/locations/us-central1/functions/heliusWebhook","type":"UPDATE_FUNCTION","request":{"@type":"type.googleapis.com/google.cloud.functions.v1.CloudFunction","name":"projects/inverse-board/locations/us-central1/functions/heliusWebhook","httpsTrigger":{"url":"https://us-central1-inverse-board.cloudfunctions.net/heliusWebhook","securityLevel":"SECURE_ALWAYS"},"status":"ACTIVE","entryPoint":"heliusWebhook","timeout":"60s","availableMemoryMb":256,"serviceAccountEmail":"inverse-board@appspot.gserviceaccount.com","updateTime":"2023-01-24T17:04:47.006Z","versionId":"5","labels":{"deployment-tool":"cli-firebase","firebase-functions-hash":"c78e5d9bbc66a2e5a77330ddea9fda3f11414215"},"sourceUploadUrl":"https://storage.googleapis.com/uploads-875143882150.us-central1.cloudfunctions.appspot.com/e2b8f360-1afc-4dbf-9ef9-c800ed6f52dc.zip?GoogleAccessId=service-1028304856185@gcf-admin-robot.iam.gserviceaccount.com&Expires=1674583029&Signature=TrZ2xisvV6e4NHleQzuhzng1eWPRAx1ftJkRETkRiakfNjbfob1%2BA1URVI%2B8q9JW31pcCZpcIDMbnUa1kqnw6bptpmY6pV%2Fc%2Bujni1tayfMI6d2rbaU18rp%2FH8AMpABSnmJZL3bes9jq9fcEBiIVL7BKMyyy7ry7wC2Gkg0WPFHJltjaRCzeCYNrrLS9VmmU%2B%2Fe%2FDTl3gxeZbz5SUutWnQ8MQ%2Fbd7lBSeztornWIXhkz8L%2FcWafhv8%2BnSHJ7igrfSCCiRigyKwE4jorb6G%2FKLWzavD6wvEoOZlxr%2BXz0QdDgHoKG9MT2yi69LcbJGG%2FE6Uvg0vbn0psyL0KIXwmZ9Q%3D%3D","environmentVariables":{"FIREBASE_CONFIG":"{\"projectId\":\"inverse-board\",\"storageBucket\":\"inverse-board.appspot.com\"}","GCLOUD_PROJECT":"inverse-board","EVENTARC_CLOUD_EVENT_SOURCE":"projects/inverse-board/locations/us-central1/functions/heliusWebhook"},"runtime":"nodejs16","ingressSettings":"ALLOW_ALL","buildId":"6009b55b-7acd-4dd0-a857-e8db18d61c41","secretEnvironmentVariables":[{"key":"TWITTER_CONSUMER_KEY","projectId":"inverse-board","secret":"TWITTER_CONSUMER_KEY","version":"2"},{"key":"TWITTER_CONSUMER_SECRET","projectId":"inverse-board","secret":"TWITTER_CONSUMER_SECRET","version":"1"},{"key":"TWITTER_ACCESS_TOKEN","projectId":"inverse-board","secret":"TWITTER_ACCESS_TOKEN","version":"1"},{"key":"TWITTER_ACCESS_TOKEN_SECRET","projectId":"inverse-board","secret":"TWITTER_ACCESS_TOKEN_SECRET","version":"1"},{"key":"HELIUS_AUTH_HEADER","projectId":"inverse-board","secret":"HELIUS_AUTH_HEADER","version":"1"}],"buildName":"projects/1028304856185/locations/us-central1/builds/6009b55b-7acd-4dd0-a857-e8db18d61c41","dockerRegistry":"ARTIFACT_REGISTRY"},"versionId":"6","updateTime":"2023-01-24T17:27:10Z"}}
